21:04:11.312 [main] FATAL com.sahan.test2021new.dao.CarDao - XXX THIS IS A FATAL LOG
21:04:11.317 [main] ERROR com.sahan.test2021new.dao.CarDao - XXX THIS IS A ERROR LOG
21:04:11.317 [main] WARN  com.sahan.test2021new.dao.CarDao - XXX THIS IS A WARN LOG
21:04:11.318 [main] INFO  com.sahan.test2021new.dao.CarDao - XXX THIS IS A INFO LOG
21:04:11.318 [main] DEBUG com.sahan.test2021new.dao.CarDao - XXX THIS IS A DEBUG LOG
21:04:11.318 [main] TRACE com.sahan.test2021new.dao.CarDao - XXX THIS IS A TRACE LOG
21:04:11.761 [main] FATAL test2021new.TestDb - THIS IS A FATAL LOG
21:04:11.762 [main] ERROR test2021new.TestDb - THIS IS A ERROR LOG
21:04:11.762 [main] WARN  test2021new.TestDb - THIS IS A WARN LOG
21:04:11.762 [main] INFO  test2021new.TestDb - THIS IS A INFO LOG
21:04:11.762 [main] DEBUG test2021new.TestDb - THIS IS A DEBUG LOG
21:04:11.762 [main] TRACE test2021new.TestDb - THIS IS A TRACE LOG
21:11:28.941 [main] TRACE test2021new.TestDb - CH-R Toyota
21:11:28.948 [main] TRACE test2021new.TestDb - X-Trail Nissan
21:11:28.948 [main] TRACE test2021new.TestDb - A5 Audi
21:11:28.948 [main] TRACE test2021new.TestDb - 520D BMW
21:11:28.948 [main] TRACE test2021new.TestDb - Wagon R Suzuki
21:11:28.948 [main] TRACE test2021new.TestDb - 720i BMW
21:11:28.948 [main] TRACE test2021new.TestDb - ABC Buggati
21:12:06.632 [main] TRACE test2021new.TestDb - CH-R 	 Toyota
21:12:06.635 [main] TRACE test2021new.TestDb - X-Trail 	 Nissan
21:12:06.635 [main] TRACE test2021new.TestDb - A5 	 Audi
21:12:06.636 [main] TRACE test2021new.TestDb - 520D 	 BMW
21:12:06.636 [main] TRACE test2021new.TestDb - Wagon R 	 Suzuki
21:12:06.636 [main] TRACE test2021new.TestDb - 720i 	 BMW
21:12:06.636 [main] TRACE test2021new.TestDb - ABC 	 Buggati
